app/build/intermediates/manifest_merge_blame_file/release/processReleaseMainManifest/manifest-merger-blame-release-report.txt
1<?xml version="1.0" encoding="utf-8"?>
2<manifest xmlns:android="http://schemas.android.com/apk/res/android"
3    package="com.mrp.sml"
4    android:versionCode="1"
5    android:versionName="1.0" >
6
7    <uses-sdk
8        android:minSdkVersion="26"
9        android:targetSdkVersion="36" />
10
11    <uses-feature
11-->src/main/AndroidManifest.xml:5:5-90
12        android:name="android.hardware.wifi.direct"
12-->src/main/AndroidManifest.xml:5:19-62
13        android:required="false" />
13-->src/main/AndroidManifest.xml:5:63-87
14    <uses-feature
14-->src/main/AndroidManifest.xml:6:5-85
15        android:name="android.hardware.camera"
15-->src/main/AndroidManifest.xml:6:19-57
16        android:required="false" />
16-->src/main/AndroidManifest.xml:6:58-82
17
18    <!-- Network -->
19    <uses-permission android:name="android.permission.INTERNET" />
19-->src/main/AndroidManifest.xml:9:5-67
19-->src/main/AndroidManifest.xml:9:22-64
20    <uses-permission android:name="android.permission.ACCESS_WIFI_STATE" />
20-->src/main/AndroidManifest.xml:10:5-76
20-->src/main/AndroidManifest.xml:10:22-73
21    <uses-permission android:name="android.permission.CHANGE_WIFI_STATE" />
21-->src/main/AndroidManifest.xml:11:5-76
21-->src/main/AndroidManifest.xml:11:22-73
22
23    <!-- WiFi Direct (Android 13+) -->
24    <uses-permission
24-->src/main/AndroidManifest.xml:14:5-16:58
25        android:name="android.permission.NEARBY_WIFI_DEVICES"
25-->src/main/AndroidManifest.xml:15:9-62
26        android:usesPermissionFlags="neverForLocation" />
26-->src/main/AndroidManifest.xml:16:9-55
27
28    <!-- Location (required for WiFi scanning on Android 12-) -->
29    <uses-permission
29-->src/main/AndroidManifest.xml:19:5-106
30        android:name="android.permission.ACCESS_FINE_LOCATION"
30-->src/main/AndroidManifest.xml:19:22-76
31        android:maxSdkVersion="32" />
31-->src/main/AndroidManifest.xml:19:77-103
32    <uses-permission
32-->src/main/AndroidManifest.xml:20:5-108
33        android:name="android.permission.ACCESS_COARSE_LOCATION"
33-->src/main/AndroidManifest.xml:20:22-78
34        android:maxSdkVersion="32" />
34-->src/main/AndroidManifest.xml:20:79-105
35
36    <!-- Notifications -->
37    <uses-permission android:name="android.permission.POST_NOTIFICATIONS" />
37-->src/main/AndroidManifest.xml:23:5-77
37-->src/main/AndroidManifest.xml:23:22-74
38
39    <!-- Foreground Service -->
40    <uses-permission android:name="android.permission.FOREGROUND_SERVICE" />
40-->src/main/AndroidManifest.xml:26:5-77
40-->src/main/AndroidManifest.xml:26:22-74
41    <uses-permission android:name="android.permission.FOREGROUND_SERVICE_DATA_SYNC" />
41-->src/main/AndroidManifest.xml:27:5-87
41-->src/main/AndroidManifest.xml:27:22-84
42
43    <!-- Media (Android 13+) -->
44    <uses-permission android:name="android.permission.READ_MEDIA_IMAGES" />
44-->src/main/AndroidManifest.xml:30:5-76
44-->src/main/AndroidManifest.xml:30:22-73
45    <uses-permission android:name="android.permission.READ_MEDIA_VIDEO" />
45-->src/main/AndroidManifest.xml:31:5-75
45-->src/main/AndroidManifest.xml:31:22-72
46    <uses-permission android:name="android.permission.READ_MEDIA_AUDIO" />
46-->src/main/AndroidManifest.xml:32:5-75
46-->src/main/AndroidManifest.xml:32:22-72
47
48    <!-- Camera for QR scanning -->
49    <uses-permission android:name="android.permission.CAMERA" />
49-->src/main/AndroidManifest.xml:35:5-65
49-->src/main/AndroidManifest.xml:35:22-62
50
51    <!-- Nearby Devices -->
52    <uses-permission
52-->src/main/AndroidManifest.xml:38:5-95
53        android:name="android.permission.BLUETOOTH"
53-->src/main/AndroidManifest.xml:38:22-65
54        android:maxSdkVersion="30" />
54-->src/main/AndroidManifest.xml:38:66-92
55    <uses-permission
55-->src/main/AndroidManifest.xml:39:5-101
56        android:name="android.permission.BLUETOOTH_ADMIN"
56-->src/main/AndroidManifest.xml:39:22-71
57        android:maxSdkVersion="30" />
57-->src/main/AndroidManifest.xml:39:72-98
58    <uses-permission android:name="android.permission.BLUETOOTH_ADVERTISE" />
58-->src/main/AndroidManifest.xml:40:5-78
58-->src/main/AndroidManifest.xml:40:22-75
59    <uses-permission android:name="android.permission.BLUETOOTH_SCAN" />
59-->src/main/AndroidManifest.xml:41:5-73
59-->src/main/AndroidManifest.xml:41:22-70
60    <uses-permission android:name="android.permission.BLUETOOTH_CONNECT" />
60-->src/main/AndroidManifest.xml:42:5-76
60-->src/main/AndroidManifest.xml:42:22-73
61
62    <!-- WakeLock -->
63    <uses-permission android:name="android.permission.WAKE_LOCK" />
63-->src/main/AndroidManifest.xml:45:5-68
63-->src/main/AndroidManifest.xml:45:22-65
64    <uses-permission android:name="android.permission.ACCESS_NETWORK_STATE" />
64-->[com.google.android.gms:play-services-nearby:19.3.0] AndroidManifest.xml:6:5-79
64-->[com.google.android.gms:play-services-nearby:19.3.0] AndroidManifest.xml:6:22-76
65    <uses-permission android:name="android.permission.RECEIVE_BOOT_COMPLETED" />
65-->[androidx.work:work-runtime:2.9.1] AndroidManifest.xml:25:5-81
65-->[androidx.work:work-runtime:2.9.1] AndroidManifest.xml:25:22-78
66
67    <permission
67-->[androidx.core:core:1.15.0] AndroidManifest.xml:22:5-24:47
68        android:name="com.mrp.sml.DYNAMIC_RECEIVER_NOT_EXPORTED_PERMISSION"
68-->[androidx.core:core:1.15.0] AndroidManifest.xml:23:9-81
69        android:protectionLevel="signature" />
69-->[androidx.core:core:1.15.0] AndroidManifest.xml:24:9-44
70
71    <uses-permission android:name="com.mrp.sml.DYNAMIC_RECEIVER_NOT_EXPORTED_PERMISSION" />
71-->[androidx.core:core:1.15.0] AndroidManifest.xml:26:5-97
71-->[androidx.core:core:1.15.0] AndroidManifest.xml:26:22-94
72
73    <uses-feature
73-->[com.journeyapps:zxing-android-embedded:4.3.0] AndroidManifest.xml:28:5-30:36
74        android:name="android.hardware.camera.front"
74-->[com.journeyapps:zxing-android-embedded:4.3.0] AndroidManifest.xml:29:9-53
75        android:required="false" /> <!-- TODO replace above two with next line after Android 4.2 -->
75-->[com.journeyapps:zxing-android-embedded:4.3.0] AndroidManifest.xml:30:9-33
76    <!-- <uses-feature android:name="android.hardware.camera.any"/> -->
77    <uses-feature
77-->[com.journeyapps:zxing-android-embedded:4.3.0] AndroidManifest.xml:33:5-35:36
78        android:name="android.hardware.camera.autofocus"
78-->[com.journeyapps:zxing-android-embedded:4.3.0] AndroidManifest.xml:34:9-57
79        android:required="false" />
79-->[com.journeyapps:zxing-android-embedded:4.3.0] AndroidManifest.xml:35:9-33
80    <uses-feature
80-->[com.journeyapps:zxing-android-embedded:4.3.0] AndroidManifest.xml:36:5-38:36
81        android:name="android.hardware.camera.flash"
81-->[com.journeyapps:zxing-android-embedded:4.3.0] AndroidManifest.xml:37:9-53
82        android:required="false" />
82-->[com.journeyapps:zxing-android-embedded:4.3.0] AndroidManifest.xml:38:9-33
83    <uses-feature
83-->[com.journeyapps:zxing-android-embedded:4.3.0] AndroidManifest.xml:39:5-41:36
84        android:name="android.hardware.screen.landscape"
84-->[com.journeyapps:zxing-android-embedded:4.3.0] AndroidManifest.xml:40:9-57
85        android:required="false" />
85-->[com.journeyapps:zxing-android-embedded:4.3.0] AndroidManifest.xml:41:9-33
86    <uses-feature
86-->[com.journeyapps:zxing-android-embedded:4.3.0] AndroidManifest.xml:42:5-44:36
87        android:name="android.hardware.wifi"
87-->[com.journeyapps:zxing-android-embedded:4.3.0] AndroidManifest.xml:43:9-45
88        android:required="false" />
88-->[com.journeyapps:zxing-android-embedded:4.3.0] AndroidManifest.xml:44:9-33
89
90    <application
90-->src/main/AndroidManifest.xml:47:5-108:19
91        android:name="com.mrp.sml.SMLApplication"
91-->src/main/AndroidManifest.xml:48:9-39
92        android:allowBackup="true"
92-->src/main/AndroidManifest.xml:49:9-35
93        android:appComponentFactory="androidx.core.app.CoreComponentFactory"
93-->[androidx.core:core:1.15.0] AndroidManifest.xml:28:18-86
94        android:enableOnBackInvokedCallback="true"
94-->src/main/AndroidManifest.xml:55:9-51
95        android:extractNativeLibs="false"
96        android:icon="@mipmap/ic_launcher"
96-->src/main/AndroidManifest.xml:51:9-43
97        android:label="@string/app_name"
97-->src/main/AndroidManifest.xml:50:9-41
98        android:roundIcon="@mipmap/ic_launcher_round"
98-->src/main/AndroidManifest.xml:52:9-54
99        android:supportsRtl="true"
99-->src/main/AndroidManifest.xml:53:9-35
100        android:theme="@style/Theme.SML" >
100-->src/main/AndroidManifest.xml:54:9-41
101        <provider
102            android:name="androidx.startup.InitializationProvider"
102-->src/main/AndroidManifest.xml:58:13-67
103            android:authorities="com.mrp.sml.androidx-startup"
103-->src/main/AndroidManifest.xml:59:13-68
104            android:exported="false" >
104-->src/main/AndroidManifest.xml:60:13-37
105            <meta-data
105-->[androidx.emoji2:emoji2:1.3.0] AndroidManifest.xml:29:13-31:52
106                android:name="androidx.emoji2.text.EmojiCompatInitializer"
106-->[androidx.emoji2:emoji2:1.3.0] AndroidManifest.xml:30:17-75
107                android:value="androidx.startup" />
107-->[androidx.emoji2:emoji2:1.3.0] AndroidManifest.xml:31:17-49
108            <meta-data
108-->[androidx.lifecycle:lifecycle-process:2.8.7] AndroidManifest.xml:29:13-31:52
109                android:name="androidx.lifecycle.ProcessLifecycleInitializer"
109-->[androidx.lifecycle:lifecycle-process:2.8.7] AndroidManifest.xml:30:17-78
110                android:value="androidx.startup" />
110-->[androidx.lifecycle:lifecycle-process:2.8.7] AndroidManifest.xml:31:17-49
111            <meta-data
111-->[androidx.profileinstaller:profileinstaller:1.3.1] AndroidManifest.xml:29:13-31:52
112                android:name="androidx.profileinstaller.ProfileInstallerInitializer"
112-->[androidx.profileinstaller:profileinstaller:1.3.1] AndroidManifest.xml:30:17-85
113                android:value="androidx.startup" />
113-->[androidx.profileinstaller:profileinstaller:1.3.1] AndroidManifest.xml:31:17-49
114        </provider>
115
116        <activity
116-->src/main/AndroidManifest.xml:68:9-77:20
117            android:name="com.mrp.sml.MainActivity"
117-->src/main/AndroidManifest.xml:69:13-41
118            android:exported="true"
118-->src/main/AndroidManifest.xml:70:13-36
119            android:windowSoftInputMode="adjustResize" >
119-->src/main/AndroidManifest.xml:71:13-55
120            <intent-filter>
120-->src/main/AndroidManifest.xml:73:13-76:29
121                <action android:name="android.intent.action.MAIN" />
121-->src/main/AndroidManifest.xml:74:17-69
121-->src/main/AndroidManifest.xml:74:25-66
122
123                <category android:name="android.intent.category.LAUNCHER" />
123-->src/main/AndroidManifest.xml:75:17-77
123-->src/main/AndroidManifest.xml:75:27-74
124            </intent-filter>
125        </activity>
126
127        <!-- Foreground Transfer Service -->
128        <service
128-->src/main/AndroidManifest.xml:80:9-83:40
129            android:name="com.mrp.sml.services.TransferForegroundService"
129-->src/main/AndroidManifest.xml:81:13-63
130            android:exported="false"
130-->src/main/AndroidManifest.xml:83:13-37
131            android:foregroundServiceType="dataSync" />
131-->src/main/AndroidManifest.xml:82:13-53
132
133        <!-- Discovery Service -->
134        <service
134-->src/main/AndroidManifest.xml:86:9-88:40
135            android:name="com.mrp.sml.services.DiscoveryService"
135-->src/main/AndroidManifest.xml:87:13-54
136            android:exported="false" />
136-->src/main/AndroidManifest.xml:88:13-37
137
138        <!-- Broadcast Receivers -->
139        <receiver
139-->src/main/AndroidManifest.xml:91:9-98:20
140            android:name="com.mrp.sml.receivers.WifiStateReceiver"
140-->src/main/AndroidManifest.xml:92:13-56
141            android:exported="false" >
141-->src/main/AndroidManifest.xml:93:13-37
142            <intent-filter>
142-->src/main/AndroidManifest.xml:94:13-97:29
143                <action android:name="android.net.wifi.WIFI_STATE_CHANGED" />
143-->src/main/AndroidManifest.xml:95:17-78
143-->src/main/AndroidManifest.xml:95:25-75
144                <action android:name="android.net.wifi.p2p.STATE_CHANGED" />
144-->src/main/AndroidManifest.xml:96:17-77
144-->src/main/AndroidManifest.xml:96:25-74
145            </intent-filter>
146        </receiver>
147        <receiver
147-->src/main/AndroidManifest.xml:100:9-106:20
148            android:name="com.mrp.sml.receivers.BootReceiver"
148-->src/main/AndroidManifest.xml:101:13-51
149            android:exported="false" >
149-->src/main/AndroidManifest.xml:102:13-37
150            <intent-filter>
150-->src/main/AndroidManifest.xml:103:13-105:29
151                <action android:name="android.intent.action.BOOT_COMPLETED" />
151-->src/main/AndroidManifest.xml:104:17-79
151-->src/main/AndroidManifest.xml:104:25-76
152            </intent-filter>
153        </receiver>
154
155        <service
155-->[com.google.android.gms:play-services-nearby:19.3.0] AndroidManifest.xml:9:9-214
156            android:name="com.google.android.gms.nearby.exposurenotification.WakeUpService"
156-->[com.google.android.gms:play-services-nearby:19.3.0] AndroidManifest.xml:9:18-97
157            android:exported="true"
157-->[com.google.android.gms:play-services-nearby:19.3.0] AndroidManifest.xml:9:98-121
158            android:permission="com.google.android.gms.nearby.exposurenotification.EXPOSURE_CALLBACK" />
158-->[com.google.android.gms:play-services-nearby:19.3.0] AndroidManifest.xml:9:122-211
159        <!--
160        Service for holding metadata. Cannot be instantiated.
161        Metadata will be merged from other manifests.
162        -->
163        <service
163-->[androidx.camera:camera-core:1.4.1] AndroidManifest.xml:29:9-33:78
164            android:name="androidx.camera.core.impl.MetadataHolderService"
164-->[androidx.camera:camera-core:1.4.1] AndroidManifest.xml:30:13-75
165            android:enabled="false"
165-->[androidx.camera:camera-core:1.4.1] AndroidManifest.xml:31:13-36
166            android:exported="false" >
166-->[androidx.camera:camera-core:1.4.1] AndroidManifest.xml:32:13-37
167            <meta-data
167-->[androidx.camera:camera-camera2:1.4.1] AndroidManifest.xml:30:13-32:89
168                android:name="androidx.camera.core.impl.MetadataHolderService.DEFAULT_CONFIG_PROVIDER"
168-->[androidx.camera:camera-camera2:1.4.1] AndroidManifest.xml:31:17-103
169                android:value="androidx.camera.camera2.Camera2Config$DefaultProvider" />
169-->[androidx.camera:camera-camera2:1.4.1] AndroidManifest.xml:32:17-86
170        </service>
171
172        <activity
172-->[com.google.android.gms:play-services-base:18.5.0] AndroidManifest.xml:5:9-173
173            android:name="com.google.android.gms.common.api.GoogleApiActivity"
173-->[com.google.android.gms:play-services-base:18.5.0] AndroidManifest.xml:5:19-85
174            android:exported="false"
174-->[com.google.android.gms:play-services-base:18.5.0] AndroidManifest.xml:5:146-170
175            android:theme="@android:style/Theme.Translucent.NoTitleBar" />
175-->[com.google.android.gms:play-services-base:18.5.0] AndroidManifest.xml:5:86-145
176
177        <service
177-->[androidx.room:room-runtime-android:2.8.4] AndroidManifest.xml:24:9-28:63
178            android:name="androidx.room.MultiInstanceInvalidationService"
178-->[androidx.room:room-runtime-android:2.8.4] AndroidManifest.xml:25:13-74
179            android:directBootAware="true"
179-->[androidx.room:room-runtime-android:2.8.4] AndroidManifest.xml:26:13-43
180            android:exported="false" />
180-->[androidx.room:room-runtime-android:2.8.4] AndroidManifest.xml:27:13-37
181        <service
181-->[androidx.work:work-runtime:2.9.1] AndroidManifest.xml:39:9-45:35
182            android:name="androidx.work.impl.background.systemalarm.SystemAlarmService"
182-->[androidx.work:work-runtime:2.9.1] AndroidManifest.xml:40:13-88
183            android:directBootAware="false"
183-->[androidx.work:work-runtime:2.9.1] AndroidManifest.xml:41:13-44
184            android:enabled="@bool/enable_system_alarm_service_default"
184-->[androidx.work:work-runtime:2.9.1] AndroidManifest.xml:42:13-72
185            android:exported="false" />
185-->[androidx.work:work-runtime:2.9.1] AndroidManifest.xml:43:13-37
186        <service
186-->[androidx.work:work-runtime:2.9.1] AndroidManifest.xml:46:9-52:35
187            android:name="androidx.work.impl.background.systemjob.SystemJobService"
187-->[androidx.work:work-runtime:2.9.1] AndroidManifest.xml:47:13-84
188            android:directBootAware="false"
188-->[androidx.work:work-runtime:2.9.1] AndroidManifest.xml:48:13-44
189            android:enabled="@bool/enable_system_job_service_default"
189-->[androidx.work:work-runtime:2.9.1] AndroidManifest.xml:49:13-70
190            android:exported="true"
190-->[androidx.work:work-runtime:2.9.1] AndroidManifest.xml:50:13-36
191            android:permission="android.permission.BIND_JOB_SERVICE" />
191-->[androidx.work:work-runtime:2.9.1] AndroidManifest.xml:51:13-69
192        <service
192-->[androidx.work:work-runtime:2.9.1] AndroidManifest.xml:53:9-59:35
193            android:name="androidx.work.impl.foreground.SystemForegroundService"
193-->[androidx.work:work-runtime:2.9.1] AndroidManifest.xml:54:13-81
194            android:directBootAware="false"
194-->[androidx.work:work-runtime:2.9.1] AndroidManifest.xml:55:13-44
195            android:enabled="@bool/enable_system_foreground_service_default"
195-->[androidx.work:work-runtime:2.9.1] AndroidManifest.xml:56:13-77
196            android:exported="false" />
196-->[androidx.work:work-runtime:2.9.1] AndroidManifest.xml:57:13-37
197
198        <receiver
198-->[androidx.work:work-runtime:2.9.1] AndroidManifest.xml:61:9-66:35
199            android:name="androidx.work.impl.utils.ForceStopRunnable$BroadcastReceiver"
199-->[androidx.work:work-runtime:2.9.1] AndroidManifest.xml:62:13-88
200            android:directBootAware="false"
200-->[androidx.work:work-runtime:2.9.1] AndroidManifest.xml:63:13-44
201            android:enabled="true"
201-->[androidx.work:work-runtime:2.9.1] AndroidManifest.xml:64:13-35
202            android:exported="false" />
202-->[androidx.work:work-runtime:2.9.1] AndroidManifest.xml:65:13-37
203        <receiver
203-->[androidx.work:work-runtime:2.9.1] AndroidManifest.xml:67:9-77:20
204            android:name="androidx.work.impl.background.systemalarm.ConstraintProxy$BatteryChargingProxy"
204-->[androidx.work:work-runtime:2.9.1] AndroidManifest.xml:68:13-106
205            android:directBootAware="false"
205-->[androidx.work:work-runtime:2.9.1] AndroidManifest.xml:69:13-44
206            android:enabled="false"
206-->[androidx.work:work-runtime:2.9.1] AndroidManifest.xml:70:13-36
207            android:exported="false" >
207-->[androidx.work:work-runtime:2.9.1] AndroidManifest.xml:71:13-37
208            <intent-filter>
208-->[androidx.work:work-runtime:2.9.1] AndroidManifest.xml:73:13-76:29
209                <action android:name="android.intent.action.ACTION_POWER_CONNECTED" />
209-->[androidx.work:work-runtime:2.9.1] AndroidManifest.xml:74:17-87
209-->[androidx.work:work-runtime:2.9.1] AndroidManifest.xml:74:25-84
210                <action android:name="android.intent.action.ACTION_POWER_DISCONNECTED" />
210-->[androidx.work:work-runtime:2.9.1] AndroidManifest.xml:75:17-90
210-->[androidx.work:work-runtime:2.9.1] AndroidManifest.xml:75:25-87
211            </intent-filter>
212        </receiver>
213        <receiver
213-->[androidx.work:work-runtime:2.9.1] AndroidManifest.xml:78:9-88:20
214            android:name="androidx.work.impl.background.systemalarm.ConstraintProxy$BatteryNotLowProxy"
214-->[androidx.work:work-runtime:2.9.1] AndroidManifest.xml:79:13-104
215            android:directBootAware="false"
215-->[androidx.work:work-runtime:2.9.1] AndroidManifest.xml:80:13-44
216            android:enabled="false"
216-->[androidx.work:work-runtime:2.9.1] AndroidManifest.xml:81:13-36
217            android:exported="false" >
217-->[androidx.work:work-runtime:2.9.1] AndroidManifest.xml:82:13-37
218            <intent-filter>
218-->[androidx.work:work-runtime:2.9.1] AndroidManifest.xml:84:13-87:29
219                <action android:name="android.intent.action.BATTERY_OKAY" />
219-->[androidx.work:work-runtime:2.9.1] AndroidManifest.xml:85:17-77
219-->[androidx.work:work-runtime:2.9.1] AndroidManifest.xml:85:25-74
220                <action android:name="android.intent.action.BATTERY_LOW" />
220-->[androidx.work:work-runtime:2.9.1] AndroidManifest.xml:86:17-76
220-->[androidx.work:work-runtime:2.9.1] AndroidManifest.xml:86:25-73
221            </intent-filter>
222        </receiver>
223        <receiver
223-->[androidx.work:work-runtime:2.9.1] AndroidManifest.xml:89:9-99:20
224            android:name="androidx.work.impl.background.systemalarm.ConstraintProxy$StorageNotLowProxy"
224-->[androidx.work:work-runtime:2.9.1] AndroidManifest.xml:90:13-104
225            android:directBootAware="false"
225-->[androidx.work:work-runtime:2.9.1] AndroidManifest.xml:91:13-44
226            android:enabled="false"
226-->[androidx.work:work-runtime:2.9.1] AndroidManifest.xml:92:13-36
227            android:exported="false" >
227-->[androidx.work:work-runtime:2.9.1] AndroidManifest.xml:93:13-37
228            <intent-filter>
228-->[androidx.work:work-runtime:2.9.1] AndroidManifest.xml:95:13-98:29
229                <action android:name="android.intent.action.DEVICE_STORAGE_LOW" />
229-->[androidx.work:work-runtime:2.9.1] AndroidManifest.xml:96:17-83
229-->[androidx.work:work-runtime:2.9.1] AndroidManifest.xml:96:25-80
230                <action android:name="android.intent.action.DEVICE_STORAGE_OK" />
230-->[androidx.work:work-runtime:2.9.1] AndroidManifest.xml:97:17-82
230-->[androidx.work:work-runtime:2.9.1] AndroidManifest.xml:97:25-79
231            </intent-filter>
232        </receiver>
233        <receiver
233-->[androidx.work:work-runtime:2.9.1] AndroidManifest.xml:100:9-109:20
234            android:name="androidx.work.impl.background.systemalarm.ConstraintProxy$NetworkStateProxy"
234-->[androidx.work:work-runtime:2.9.1] AndroidManifest.xml:101:13-103
235            android:directBootAware="false"
235-->[androidx.work:work-runtime:2.9.1] AndroidManifest.xml:102:13-44
236            android:enabled="false"
236-->[androidx.work:work-runtime:2.9.1] AndroidManifest.xml:103:13-36
237            android:exported="false" >
237-->[androidx.work:work-runtime:2.9.1] AndroidManifest.xml:104:13-37
238            <intent-filter>
238-->[androidx.work:work-runtime:2.9.1] AndroidManifest.xml:106:13-108:29
239                <action android:name="android.net.conn.CONNECTIVITY_CHANGE" />
239-->[androidx.work:work-runtime:2.9.1] AndroidManifest.xml:107:17-79
239-->[androidx.work:work-runtime:2.9.1] AndroidManifest.xml:107:25-76
240            </intent-filter>
241        </receiver>
242        <receiver
242-->[androidx.work:work-runtime:2.9.1] AndroidManifest.xml:110:9-121:20
243            android:name="androidx.work.impl.background.systemalarm.RescheduleReceiver"
243-->[androidx.work:work-runtime:2.9.1] AndroidManifest.xml:111:13-88
244            android:directBootAware="false"
244-->[androidx.work:work-runtime:2.9.1] AndroidManifest.xml:112:13-44
245            android:enabled="false"
245-->[androidx.work:work-runtime:2.9.1] AndroidManifest.xml:113:13-36
246            android:exported="false" >
246-->[androidx.work:work-runtime:2.9.1] AndroidManifest.xml:114:13-37
247            <intent-filter>
247-->[androidx.work:work-runtime:2.9.1] AndroidManifest.xml:116:13-120:29
248                <action android:name="android.intent.action.BOOT_COMPLETED" />
248-->src/main/AndroidManifest.xml:104:17-79
248-->src/main/AndroidManifest.xml:104:25-76
249                <action android:name="android.intent.action.TIME_SET" />
249-->[androidx.work:work-runtime:2.9.1] AndroidManifest.xml:118:17-73
249-->[androidx.work:work-runtime:2.9.1] AndroidManifest.xml:118:25-70
250                <action android:name="android.intent.action.TIMEZONE_CHANGED" />
250-->[androidx.work:work-runtime:2.9.1] AndroidManifest.xml:119:17-81
250-->[androidx.work:work-runtime:2.9.1] AndroidManifest.xml:119:25-78
251            </intent-filter>
252        </receiver>
253        <receiver
253-->[androidx.work:work-runtime:2.9.1] AndroidManifest.xml:122:9-131:20
254            android:name="androidx.work.impl.background.systemalarm.ConstraintProxyUpdateReceiver"
254-->[androidx.work:work-runtime:2.9.1] AndroidManifest.xml:123:13-99
255            android:directBootAware="false"
255-->[androidx.work:work-runtime:2.9.1] AndroidManifest.xml:124:13-44
256            android:enabled="@bool/enable_system_alarm_service_default"
256-->[androidx.work:work-runtime:2.9.1] AndroidManifest.xml:125:13-72
257            android:exported="false" >
257-->[androidx.work:work-runtime:2.9.1] AndroidManifest.xml:126:13-37
258            <intent-filter>
258-->[androidx.work:work-runtime:2.9.1] AndroidManifest.xml:128:13-130:29
259                <action android:name="androidx.work.impl.background.systemalarm.UpdateProxies" />
259-->[androidx.work:work-runtime:2.9.1] AndroidManifest.xml:129:17-98
259-->[androidx.work:work-runtime:2.9.1] AndroidManifest.xml:129:25-95
260            </intent-filter>
261        </receiver>
262        <receiver
262-->[androidx.work:work-runtime:2.9.1] AndroidManifest.xml:132:9-142:20
263            android:name="androidx.work.impl.diagnostics.DiagnosticsReceiver"
263-->[androidx.work:work-runtime:2.9.1] AndroidManifest.xml:133:13-78
264            android:directBootAware="false"
264-->[androidx.work:work-runtime:2.9.1] AndroidManifest.xml:134:13-44
265            android:enabled="true"
265-->[androidx.work:work-runtime:2.9.1] AndroidManifest.xml:135:13-35
266            android:exported="true"
266-->[androidx.work:work-runtime:2.9.1] AndroidManifest.xml:136:13-36
267            android:permission="android.permission.DUMP" >
267-->[androidx.work:work-runtime:2.9.1] AndroidManifest.xml:137:13-57
268            <intent-filter>
268-->[androidx.work:work-runtime:2.9.1] AndroidManifest.xml:139:13-141:29
269                <action android:name="androidx.work.diagnostics.REQUEST_DIAGNOSTICS" />
269-->[androidx.work:work-runtime:2.9.1] AndroidManifest.xml:140:17-88
269-->[androidx.work:work-runtime:2.9.1] AndroidManifest.xml:140:25-85
270            </intent-filter>
271        </receiver>
272
273        <meta-data
273-->[com.google.android.gms:play-services-basement:18.4.0] AndroidManifest.xml:6:9-122
274            android:name="com.google.android.gms.version"
274-->[com.google.android.gms:play-services-basement:18.4.0] AndroidManifest.xml:6:20-65
275            android:value="@integer/google_play_services_version" />
275-->[com.google.android.gms:play-services-basement:18.4.0] AndroidManifest.xml:6:66-119
276
277        <receiver
277-->[androidx.profileinstaller:profileinstaller:1.3.1] AndroidManifest.xml:34:9-52:20
278            android:name="androidx.profileinstaller.ProfileInstallReceiver"
278-->[androidx.profileinstaller:profileinstaller:1.3.1] AndroidManifest.xml:35:13-76
279            android:directBootAware="false"
279-->[androidx.profileinstaller:profileinstaller:1.3.1] AndroidManifest.xml:36:13-44
280            android:enabled="true"
280-->[androidx.profileinstaller:profileinstaller:1.3.1] AndroidManifest.xml:37:13-35
281            android:exported="true"
281-->[androidx.profileinstaller:profileinstaller:1.3.1] AndroidManifest.xml:38:13-36
282            android:permission="android.permission.DUMP" >
282-->[androidx.profileinstaller:profileinstaller:1.3.1] AndroidManifest.xml:39:13-57
283            <intent-filter>
283-->[androidx.profileinstaller:profileinstaller:1.3.1] AndroidManifest.xml:40:13-42:29
284                <action android:name="androidx.profileinstaller.action.INSTALL_PROFILE" />
284-->[androidx.profileinstaller:profileinstaller:1.3.1] AndroidManifest.xml:41:17-91
284-->[androidx.profileinstaller:profileinstaller:1.3.1] AndroidManifest.xml:41:25-88
285            </intent-filter>
286            <intent-filter>
286-->[androidx.profileinstaller:profileinstaller:1.3.1] AndroidManifest.xml:43:13-45:29
287                <action android:name="androidx.profileinstaller.action.SKIP_FILE" />
287-->[androidx.profileinstaller:profileinstaller:1.3.1] AndroidManifest.xml:44:17-85
287-->[androidx.profileinstaller:profileinstaller:1.3.1] AndroidManifest.xml:44:25-82
288            </intent-filter>
289            <intent-filter>
289-->[androidx.profileinstaller:profileinstaller:1.3.1] AndroidManifest.xml:46:13-48:29
290                <action android:name="androidx.profileinstaller.action.SAVE_PROFILE" />
290-->[androidx.profileinstaller:profileinstaller:1.3.1] AndroidManifest.xml:47:17-88
290-->[androidx.profileinstaller:profileinstaller:1.3.1] AndroidManifest.xml:47:25-85
291            </intent-filter>
292            <intent-filter>
292-->[androidx.profileinstaller:profileinstaller:1.3.1] AndroidManifest.xml:49:13-51:29
293                <action android:name="androidx.profileinstaller.action.BENCHMARK_OPERATION" />
293-->[androidx.profileinstaller:profileinstaller:1.3.1] AndroidManifest.xml:50:17-95
293-->[androidx.profileinstaller:profileinstaller:1.3.1] AndroidManifest.xml:50:25-92
294            </intent-filter>
295        </receiver>
296
297        <activity
297-->[com.journeyapps:zxing-android-embedded:4.3.0] AndroidManifest.xml:47:9-53:63
298            android:name="com.journeyapps.barcodescanner.CaptureActivity"
298-->[com.journeyapps:zxing-android-embedded:4.3.0] AndroidManifest.xml:48:13-74
299            android:clearTaskOnLaunch="true"
299-->[com.journeyapps:zxing-android-embedded:4.3.0] AndroidManifest.xml:49:13-45
300            android:screenOrientation="sensorLandscape"